[2025-04-28 21:10:33] ERROR: uncaughtException: listen EADDRINUSE: address already in use :::5000
Error: listen EADDRINUSE: address already in use :::5000
    at Server.setupListenHandle [as _listen2] (node:net:1937:16)
    at listenInCluster (node:net:1994:12)
    at Server.listen (node:net:2099:7)
    at Function.listen (/home/ebit/jobtry1/backend/node_modules/express/lib/application.js:635:24)
    at file:///home/ebit/jobtry1/backend/server.js:54:20
    at ModuleJob.run (node:internal/modules/esm/module_job:273:25)
    at async onImport.tracePromise.__proto__ (node:internal/modules/esm/loader:600:26)
    at async asyncRunEntryPointWithESMLoader (node:internal/modules/run_main:98:5)
{
  "error": {
    "code": "EADDRINUSE",
    "errno": -98,
    "syscall": "listen",
    "address": "::",
    "port": 5000
  },
  "exception": true,
  "date": "Mon Apr 28 2025 21:10:33 GMT+0800 (China Standard Time)",
  "process": {
    "pid": 898438,
    "uid": 1000,
    "gid": 1000,
    "cwd": "/home/ebit/jobtry1/backend",
    "execPath": "/usr/bin/node",
    "version": "v23.9.0",
    "argv": [
      "/usr/bin/node",
      "/home/ebit/jobtry1/backend/server.js"
    ],
    "memoryUsage": {
      "rss": 181358592,
      "heapTotal": 87248896,
      "heapUsed": 60086248,
      "external": 22082973,
      "arrayBuffers": 18431995
    }
  },
  "os": {
    "loadavg": [
      1.74,
      1.15,
      0.74
    ],
    "uptime": 135401.81
  },
  "trace": [
    {
      "column": 16,
      "file": "node:net",
      "function": "Server.setupListenHandle [as _listen2]",
      "line": 1937,
      "method": "setupListenHandle [as _listen2]",
      "native": false
    },
    {
      "column": 12,
      "file": "node:net",
      "function": "listenInCluster",
      "line": 1994,
      "method": null,
      "native": false
    },
    {
      "column": 7,
      "file": "node:net",
      "function": "Server.listen",
      "line": 2099,
      "method": "listen",
      "native": false
    },
    {
      "column": 24,
      "file": "/home/ebit/jobtry1/backend/node_modules/express/lib/application.js",
      "function": "Function.listen",
      "line": 635,
      "method": "listen",
      "native": false
    },
    {
      "column": 20,
      "file": "file:///home/ebit/jobtry1/backend/server.js",
      "function": null,
      "line": 54,
      "method": null,
      "native": false
    },
    {
      "column": 25,
      "file": "node:internal/modules/esm/module_job",
      "function": "ModuleJob.run",
      "line": 273,
      "method": "run",
      "native": false
    },
    {
      "column": 26,
      "file": "node:internal/modules/esm/loader",
      "function": "async onImport.tracePromise.__proto__",
      "line": 600,
      "method": "__proto__",
      "native": false
    },
    {
      "column": 5,
      "file": "node:internal/modules/run_main",
      "function": "async asyncRunEntryPointWithESMLoader",
      "line": 98,
      "method": null,
      "native": false
    }
  ]
}
Error: listen EADDRINUSE: address already in use :::5000
    at Server.setupListenHandle [as _listen2] (node:net:1937:16)
    at listenInCluster (node:net:1994:12)
    at Server.listen (node:net:2099:7)
    at Function.listen (/home/ebit/jobtry1/backend/node_modules/express/lib/application.js:635:24)
    at file:///home/ebit/jobtry1/backend/server.js:54:20
    at ModuleJob.run (node:internal/modules/esm/module_job:273:25)
    at async onImport.tracePromise.__proto__ (node:internal/modules/esm/loader:600:26)
    at async asyncRunEntryPointWithESMLoader (node:internal/modules/run_main:98:5)
[2025-04-28 21:11:49] ERROR: uncaughtException: listen EADDRINUSE: address already in use :::5000
Error: listen EADDRINUSE: address already in use :::5000
    at Server.setupListenHandle [as _listen2] (node:net:1937:16)
    at listenInCluster (node:net:1994:12)
    at Server.listen (node:net:2099:7)
    at Function.listen (/home/ebit/jobtry1/backend/node_modules/express/lib/application.js:635:24)
    at file:///home/ebit/jobtry1/backend/server.js:54:20
    at ModuleJob.run (node:internal/modules/esm/module_job:273:25)
    at async onImport.tracePromise.__proto__ (node:internal/modules/esm/loader:600:26)
    at async asyncRunEntryPointWithESMLoader (node:internal/modules/run_main:98:5)
{
  "error": {
    "code": "EADDRINUSE",
    "errno": -98,
    "syscall": "listen",
    "address": "::",
    "port": 5000
  },
  "exception": true,
  "date": "Mon Apr 28 2025 21:11:49 GMT+0800 (China Standard Time)",
  "process": {
    "pid": 899083,
    "uid": 1000,
    "gid": 1000,
    "cwd": "/home/ebit/jobtry1/backend",
    "execPath": "/usr/bin/node",
    "version": "v23.9.0",
    "argv": [
      "/usr/bin/node",
      "/home/ebit/jobtry1/backend/server.js"
    ],
    "memoryUsage": {
      "rss": 182915072,
      "heapTotal": 84365312,
      "heapUsed": 65369392,
      "external": 22084059,
      "arrayBuffers": 18431996
    }
  },
  "os": {
    "loadavg": [
      2.54,
      1.48,
      0.89
    ],
    "uptime": 135477.95
  },
  "trace": [
    {
      "column": 16,
      "file": "node:net",
      "function": "Server.setupListenHandle [as _listen2]",
      "line": 1937,
      "method": "setupListenHandle [as _listen2]",
      "native": false
    },
    {
      "column": 12,
      "file": "node:net",
      "function": "listenInCluster",
      "line": 1994,
      "method": null,
      "native": false
    },
    {
      "column": 7,
      "file": "node:net",
      "function": "Server.listen",
      "line": 2099,
      "method": "listen",
      "native": false
    },
    {
      "column": 24,
      "file": "/home/ebit/jobtry1/backend/node_modules/express/lib/application.js",
      "function": "Function.listen",
      "line": 635,
      "method": "listen",
      "native": false
    },
    {
      "column": 20,
      "file": "file:///home/ebit/jobtry1/backend/server.js",
      "function": null,
      "line": 54,
      "method": null,
      "native": false
    },
    {
      "column": 25,
      "file": "node:internal/modules/esm/module_job",
      "function": "ModuleJob.run",
      "line": 273,
      "method": "run",
      "native": false
    },
    {
      "column": 26,
      "file": "node:internal/modules/esm/loader",
      "function": "async onImport.tracePromise.__proto__",
      "line": 600,
      "method": "__proto__",
      "native": false
    },
    {
      "column": 5,
      "file": "node:internal/modules/run_main",
      "function": "async asyncRunEntryPointWithESMLoader",
      "line": 98,
      "method": null,
      "native": false
    }
  ]
}
Error: listen EADDRINUSE: address already in use :::5000
    at Server.setupListenHandle [as _listen2] (node:net:1937:16)
    at listenInCluster (node:net:1994:12)
    at Server.listen (node:net:2099:7)
    at Function.listen (/home/ebit/jobtry1/backend/node_modules/express/lib/application.js:635:24)
    at file:///home/ebit/jobtry1/backend/server.js:54:20
    at ModuleJob.run (node:internal/modules/esm/module_job:273:25)
    at async onImport.tracePromise.__proto__ (node:internal/modules/esm/loader:600:26)
    at async asyncRunEntryPointWithESMLoader (node:internal/modules/run_main:98:5)
[2025-04-28 21:11:49] ERROR: uncaughtException: EIO: i/o error, write
Error: EIO: i/o error, write
    at writeSync (node:fs:925:3)
    at SyncWriteStream._write (node:internal/fs/sync_write_stream:27:5)
    at writeOrBuffer (node:internal/streams/writable:570:12)
    at _write (node:internal/streams/writable:499:10)
    at Writable.write (node:internal/streams/writable:508:10)
    at Console.log (/home/ebit/jobtry1/backend/node_modules/winston/lib/winston/transports/console.js:87:23)
    at Console._write (/home/ebit/jobtry1/backend/node_modules/winston-transport/modern.js:103:17)
    at doWrite (/home/ebit/jobtry1/backend/node_modules/readable-stream/lib/_stream_writable.js:390:139)
    at writeOrBuffer (/home/ebit/jobtry1/backend/node_modules/readable-stream/lib/_stream_writable.js:381:5)
    at Writable.write (/home/ebit/jobtry1/backend/node_modules/readable-stream/lib/_stream_writable.js:302:11)
{
  "error": {
    "errno": -5,
    "syscall": "write",
    "code": "EIO"
  },
  "exception": true,
  "date": "Mon Apr 28 2025 21:11:49 GMT+0800 (China Standard Time)",
  "process": {
    "pid": 899083,
    "uid": 1000,
    "gid": 1000,
    "cwd": "/home/ebit/jobtry1/backend",
    "execPath": "/usr/bin/node",
    "version": "v23.9.0",
    "argv": [
      "/usr/bin/node",
      "/home/ebit/jobtry1/backend/server.js"
    ],
    "memoryUsage": {
      "rss": 182915072,
      "heapTotal": 84365312,
      "heapUsed": 65463008,
      "external": 22092315,
      "arrayBuffers": 18440212
    }
  },
  "os": {
    "loadavg": [
      2.54,
      1.48,
      0.89
    ],
    "uptime": 135477.95
  },
  "trace": [
    {
      "column": 3,
      "file": "node:fs",
      "function": "writeSync",
      "line": 925,
      "method": null,
      "native": false
    },
    {
      "column": 5,
      "file": "node:internal/fs/sync_write_stream",
      "function": "SyncWriteStream._write",
      "line": 27,
      "method": "_write",
      "native": false
    },
    {
      "column": 12,
      "file": "node:internal/streams/writable",
      "function": "writeOrBuffer",
      "line": 570,
      "method": null,
      "native": false
    },
    {
      "column": 10,
      "file": "node:internal/streams/writable",
      "function": "_write",
      "line": 499,
      "method": null,
      "native": false
    },
    {
      "column": 10,
      "file": "node:internal/streams/writable",
      "function": "Writable.write",
      "line": 508,
      "method": "write",
      "native": false
    },
    {
      "column": 23,
      "file": "/home/ebit/jobtry1/backend/node_modules/winston/lib/winston/transports/console.js",
      "function": "Console.log",
      "line": 87,
      "method": "log",
      "native": false
    },
    {
      "column": 17,
      "file": "/home/ebit/jobtry1/backend/node_modules/winston-transport/modern.js",
      "function": "Console._write",
      "line": 103,
      "method": "_write",
      "native": false
    },
    {
      "column": 139,
      "file": "/home/ebit/jobtry1/backend/node_modules/readable-stream/lib/_stream_writable.js",
      "function": "doWrite",
      "line": 390,
      "method": null,
      "native": false
    },
    {
      "column": 5,
      "file": "/home/ebit/jobtry1/backend/node_modules/readable-stream/lib/_stream_writable.js",
      "function": "writeOrBuffer",
      "line": 381,
      "method": null,
      "native": false
    },
    {
      "column": 11,
      "file": "/home/ebit/jobtry1/backend/node_modules/readable-stream/lib/_stream_writable.js",
      "function": "Writable.write",
      "line": 302,
      "method": "write",
      "native": false
    }
  ]
}
Error: EIO: i/o error, write
    at writeSync (node:fs:925:3)
    at SyncWriteStream._write (node:internal/fs/sync_write_stream:27:5)
    at writeOrBuffer (node:internal/streams/writable:570:12)
    at _write (node:internal/streams/writable:499:10)
    at Writable.write (node:internal/streams/writable:508:10)
    at Console.log (/home/ebit/jobtry1/backend/node_modules/winston/lib/winston/transports/console.js:87:23)
    at Console._write (/home/ebit/jobtry1/backend/node_modules/winston-transport/modern.js:103:17)
    at doWrite (/home/ebit/jobtry1/backend/node_modules/readable-stream/lib/_stream_writable.js:390:139)
    at writeOrBuffer (/home/ebit/jobtry1/backend/node_modules/readable-stream/lib/_stream_writable.js:381:5)
    at Writable.write (/home/ebit/jobtry1/backend/node_modules/readable-stream/lib/_stream_writable.js:302:11)
[2025-04-28 21:11:49] ERROR: uncaughtException: EIO: i/o error, write
Error: EIO: i/o error, write
    at writeSync (node:fs:925:3)
    at SyncWriteStream._write (node:internal/fs/sync_write_stream:27:5)
    at writeOrBuffer (node:internal/streams/writable:570:12)
    at _write (node:internal/streams/writable:499:10)
    at Writable.write (node:internal/streams/writable:508:10)
    at Console.log (/home/ebit/jobtry1/backend/node_modules/winston/lib/winston/transports/console.js:87:23)
    at Console._write (/home/ebit/jobtry1/backend/node_modules/winston-transport/modern.js:103:17)
    at doWrite (/home/ebit/jobtry1/backend/node_modules/readable-stream/lib/_stream_writable.js:390:139)
    at writeOrBuffer (/home/ebit/jobtry1/backend/node_modules/readable-stream/lib/_stream_writable.js:381:5)
    at Writable.write (/home/ebit/jobtry1/backend/node_modules/readable-stream/lib/_stream_writable.js:302:11)
{
  "error": {
    "errno": -5,
    "syscall": "write",
    "code": "EIO"
  },
  "exception": true,
  "date": "Mon Apr 28 2025 21:11:49 GMT+0800 (China Standard Time)",
  "process": {
    "pid": 899083,
    "uid": 1000,
    "gid": 1000,
    "cwd": "/home/ebit/jobtry1/backend",
    "execPath": "/usr/bin/node",
    "version": "v23.9.0",
    "argv": [
      "/usr/bin/node",
      "/home/ebit/jobtry1/backend/server.js"
    ],
    "memoryUsage": {
      "rss": 182915072,
      "heapTotal": 84365312,
      "heapUsed": 65525112,
      "external": 22101289,
      "arrayBuffers": 18449186
    }
  },
  "os": {
    "loadavg": [
      2.54,
      1.48,
      0.89
    ],
    "uptime": 135477.95
  },
  "trace": [
    {
      "column": 3,
      "file": "node:fs",
      "function": "writeSync",
      "line": 925,
      "method": null,
      "native": false
    },
    {
      "column": 5,
      "file": "node:internal/fs/sync_write_stream",
      "function": "SyncWriteStream._write",
      "line": 27,
      "method": "_write",
      "native": false
    },
    {
      "column": 12,
      "file": "node:internal/streams/writable",
      "function": "writeOrBuffer",
      "line": 570,
      "method": null,
      "native": false
    },
    {
      "column": 10,
      "file": "node:internal/streams/writable",
      "function": "_write",
      "line": 499,
      "method": null,
      "native": false
    },
    {
      "column": 10,
      "file": "node:internal/streams/writable",
      "function": "Writable.write",
      "line": 508,
      "method": "write",
      "native": false
    },
    {
      "column": 23,
      "file": "/home/ebit/jobtry1/backend/node_modules/winston/lib/winston/transports/console.js",
      "function": "Console.log",
      "line": 87,
      "method": "log",
      "native": false
    },
    {
      "column": 17,
      "file": "/home/ebit/jobtry1/backend/node_modules/winston-transport/modern.js",
      "function": "Console._write",
      "line": 103,
      "method": "_write",
      "native": false
    },
    {
      "column": 139,
      "file": "/home/ebit/jobtry1/backend/node_modules/readable-stream/lib/_stream_writable.js",
      "function": "doWrite",
      "line": 390,
      "method": null,
      "native": false
    },
    {
      "column": 5,
      "file": "/home/ebit/jobtry1/backend/node_modules/readable-stream/lib/_stream_writable.js",
      "function": "writeOrBuffer",
      "line": 381,
      "method": null,
      "native": false
    },
    {
      "column": 11,
      "file": "/home/ebit/jobtry1/backend/node_modules/readable-stream/lib/_stream_writable.js",
      "function": "Writable.write",
      "line": 302,
      "method": "write",
      "native": false
    }
  ]
}
Error: EIO: i/o error, write
    at writeSync (node:fs:925:3)
    at SyncWriteStream._write (node:internal/fs/sync_write_stream:27:5)
    at writeOrBuffer (node:internal/streams/writable:570:12)
    at _write (node:internal/streams/writable:499:10)
    at Writable.write (node:internal/streams/writable:508:10)
    at Console.log (/home/ebit/jobtry1/backend/node_modules/winston/lib/winston/transports/console.js:87:23)
    at Console._write (/home/ebit/jobtry1/backend/node_modules/winston-transport/modern.js:103:17)
    at doWrite (/home/ebit/jobtry1/backend/node_modules/readable-stream/lib/_stream_writable.js:390:139)
    at writeOrBuffer (/home/ebit/jobtry1/backend/node_modules/readable-stream/lib/_stream_writable.js:381:5)
    at Writable.write (/home/ebit/jobtry1/backend/node_modules/readable-stream/lib/_stream_writable.js:302:11)
[2025-04-28 21:11:49] ERROR: uncaughtException: EIO: i/o error, write
Error: EIO: i/o error, write
    at writeSync (node:fs:925:3)
    at SyncWriteStream._write (node:internal/fs/sync_write_stream:27:5)
    at writeOrBuffer (node:internal/streams/writable:570:12)
    at _write (node:internal/streams/writable:499:10)
    at Writable.write (node:internal/streams/writable:508:10)
    at Console.log (/home/ebit/jobtry1/backend/node_modules/winston/lib/winston/transports/console.js:87:23)
    at Console._write (/home/ebit/jobtry1/backend/node_modules/winston-transport/modern.js:103:17)
    at doWrite (/home/ebit/jobtry1/backend/node_modules/readable-stream/lib/_stream_writable.js:390:139)
    at writeOrBuffer (/home/ebit/jobtry1/backend/node_modules/readable-stream/lib/_stream_writable.js:381:5)
    at Writable.write (/home/ebit/jobtry1/backend/node_modules/readable-stream/lib/_stream_writable.js:302:11)
{
  "error": {
    "errno": -5,
    "syscall": "write",
    "code": "EIO"
  },
  "exception": true,
  "date": "Mon Apr 28 2025 21:11:49 GMT+0800 (China Standard Time)",
  "process": {
    "pid": 899083,
    "uid": 1000,
    "gid": 1000,
    "cwd": "/home/ebit/jobtry1/backend",
    "execPath": "/usr/bin/node",
    "version": "v23.9.0",
    "argv": [
      "/usr/bin/node",
      "/home/ebit/jobtry1/backend/server.js"
    ],
    "memoryUsage": {
      "rss": 182915072,
      "heapTotal": 84365312,
      "heapUsed": 65599664,
      "external": 22110263,
      "arrayBuffers": 18458160
    }
  },
  "os": {
    "loadavg": [
      2.54,
      1.48,
      0.89
    ],
    "uptime": 135477.95
  },
  "trace": [
    {
      "column": 3,
      "file": "node:fs",
      "function": "writeSync",
      "line": 925,
      "method": null,
      "native": false
    },
    {
      "column": 5,
      "file": "node:internal/fs/sync_write_stream",
      "function": "SyncWriteStream._write",
      "line": 27,
      "method": "_write",
      "native": false
    },
    {
      "column": 12,
      "file": "node:internal/streams/writable",
      "function": "writeOrBuffer",
      "line": 570,
      "method": null,
      "native": false
    },
    {
      "column": 10,
      "file": "node:internal/streams/writable",
      "function": "_write",
      "line": 499,
      "method": null,
      "native": false
    },
    {
      "column": 10,
      "file": "node:internal/streams/writable",
      "function": "Writable.write",
      "line": 508,
      "method": "write",
      "native": false
    },
    {
      "column": 23,
      "file": "/home/ebit/jobtry1/backend/node_modules/winston/lib/winston/transports/console.js",
      "function": "Console.log",
      "line": 87,
      "method": "log",
      "native": false
    },
    {
      "column": 17,
      "file": "/home/ebit/jobtry1/backend/node_modules/winston-transport/modern.js",
      "function": "Console._write",
      "line": 103,
      "method": "_write",
      "native": false
    },
    {
      "column": 139,
      "file": "/home/ebit/jobtry1/backend/node_modules/readable-stream/lib/_stream_writable.js",
      "function": "doWrite",
      "line": 390,
      "method": null,
      "native": false
    },
    {
      "column": 5,
      "file": "/home/ebit/jobtry1/backend/node_modules/readable-stream/lib/_stream_writable.js",
      "function": "writeOrBuffer",
      "line": 381,
      "method": null,
      "native": false
    },
    {
      "column": 11,
      "file": "/home/ebit/jobtry1/backend/node_modules/readable-stream/lib/_stream_writable.js",
      "function": "Writable.write",
      "line": 302,
      "method": "write",
      "native": false
    }
  ]
}
Error: EIO: i/o error, write
    at writeSync (node:fs:925:3)
    at SyncWriteStream._write (node:internal/fs/sync_write_stream:27:5)
    at writeOrBuffer (node:internal/streams/writable:570:12)
    at _write (node:internal/streams/writable:499:10)
    at Writable.write (node:internal/streams/writable:508:10)
    at Console.log (/home/ebit/jobtry1/backend/node_modules/winston/lib/winston/transports/console.js:87:23)
    at Console._write (/home/ebit/jobtry1/backend/node_modules/winston-transport/modern.js:103:17)
    at doWrite (/home/ebit/jobtry1/backend/node_modules/readable-stream/lib/_stream_writable.js:390:139)
    at writeOrBuffer (/home/ebit/jobtry1/backend/node_modules/readable-stream/lib/_stream_writable.js:381:5)
    at Writable.write (/home/ebit/jobtry1/backend/node_modules/readable-stream/lib/_stream_writable.js:302:11)
[2025-04-28 21:11:49] ERROR: uncaughtException: EIO: i/o error, write
Error: EIO: i/o error, write
    at writeSync (node:fs:925:3)
    at SyncWriteStream._write (node:internal/fs/sync_write_stream:27:5)
    at writeOrBuffer (node:internal/streams/writable:570:12)
    at _write (node:internal/streams/writable:499:10)
    at Writable.write (node:internal/streams/writable:508:10)
    at Console.log (/home/ebit/jobtry1/backend/node_modules/winston/lib/winston/transports/console.js:87:23)
    at Console._write (/home/ebit/jobtry1/backend/node_modules/winston-transport/modern.js:103:17)
    at doWrite (/home/ebit/jobtry1/backend/node_modules/readable-stream/lib/_stream_writable.js:390:139)
    at writeOrBuffer (/home/ebit/jobtry1/backend/node_modules/readable-stream/lib/_stream_writable.js:381:5)
    at Writable.write (/home/ebit/jobtry1/backend/node_modules/readable-stream/lib/_stream_writable.js:302:11)
{
  "error": {
    "errno": -5,
    "syscall": "write",
    "code": "EIO"
  },
  "exception": true,
  "date": "Mon Apr 28 2025 21:11:49 GMT+0800 (China Standard Time)",
  "process": {
    "pid": 899083,
    "uid": 1000,
    "gid": 1000,
    "cwd": "/home/ebit/jobtry1/backend",
    "execPath": "/usr/bin/node",
    "version": "v23.9.0",
    "argv": [
      "/usr/bin/node",
      "/home/ebit/jobtry1/backend/server.js"
    ],
    "memoryUsage": {
      "rss": 182915072,
      "heapTotal": 84365312,
      "heapUsed": 65673208,
      "external": 22119237,
      "arrayBuffers": 18467134
    }
  },
  "os": {
    "loadavg": [
      2.54,
      1.48,
      0.89
    ],
    "uptime": 135477.95
  },
  "trace": [
    {
      "column": 3,
      "file": "node:fs",
      "function": "writeSync",
      "line": 925,
      "method": null,
      "native": false
    },
    {
      "column": 5,
      "file": "node:internal/fs/sync_write_stream",
      "function": "SyncWriteStream._write",
      "line": 27,
      "method": "_write",
      "native": false
    },
    {
      "column": 12,
      "file": "node:internal/streams/writable",
      "function": "writeOrBuffer",
      "line": 570,
      "method": null,
      "native": false
    },
    {
      "column": 10,
      "file": "node:internal/streams/writable",
      "function": "_write",
      "line": 499,
      "method": null,
      "native": false
    },
    {
      "column": 10,
      "file": "node:internal/streams/writable",
      "function": "Writable.write",
      "line": 508,
      "method": "write",
      "native": false
    },
    {
      "column": 23,
      "file": "/home/ebit/jobtry1/backend/node_modules/winston/lib/winston/transports/console.js",
      "function": "Console.log",
      "line": 87,
      "method": "log",
      "native": false
    },
    {
      "column": 17,
      "file": "/home/ebit/jobtry1/backend/node_modules/winston-transport/modern.js",
      "function": "Console._write",
      "line": 103,
      "method": "_write",
      "native": false
    },
    {
      "column": 139,
      "file": "/home/ebit/jobtry1/backend/node_modules/readable-stream/lib/_stream_writable.js",
      "function": "doWrite",
      "line": 390,
      "method": null,
      "native": false
    },
    {
      "column": 5,
      "file": "/home/ebit/jobtry1/backend/node_modules/readable-stream/lib/_stream_writable.js",
      "function": "writeOrBuffer",
      "line": 381,
      "method": null,
      "native": false
    },
    {
      "column": 11,
      "file": "/home/ebit/jobtry1/backend/node_modules/readable-stream/lib/_stream_writable.js",
      "function": "Writable.write",
      "line": 302,
      "method": "write",
      "native": false
    }
  ]
}
Error: EIO: i/o error, write
    at writeSync (node:fs:925:3)
    at SyncWriteStream._write (node:internal/fs/sync_write_stream:27:5)
    at writeOrBuffer (node:internal/streams/writable:570:12)
    at _write (node:internal/streams/writable:499:10)
    at Writable.write (node:internal/streams/writable:508:10)
    at Console.log (/home/ebit/jobtry1/backend/node_modules/winston/lib/winston/transports/console.js:87:23)
    at Console._write (/home/ebit/jobtry1/backend/node_modules/winston-transport/modern.js:103:17)
    at doWrite (/home/ebit/jobtry1/backend/node_modules/readable-stream/lib/_stream_writable.js:390:139)
    at writeOrBuffer (/home/ebit/jobtry1/backend/node_modules/readable-stream/lib/_stream_writable.js:381:5)
    at Writable.write (/home/ebit/jobtry1/backend/node_modules/readable-stream/lib/_stream_writable.js:302:11)
[2025-04-28 21:11:49] ERROR: uncaughtException: EIO: i/o error, write
Error: EIO: i/o error, write
    at writeSync (node:fs:925:3)
    at SyncWriteStream._write (node:internal/fs/sync_write_stream:27:5)
    at writeOrBuffer (node:internal/streams/writable:570:12)
    at _write (node:internal/streams/writable:499:10)
    at Writable.write (node:internal/streams/writable:508:10)
    at Console.log (/home/ebit/jobtry1/backend/node_modules/winston/lib/winston/transports/console.js:87:23)
    at Console._write (/home/ebit/jobtry1/backend/node_modules/winston-transport/modern.js:103:17)
    at doWrite (/home/ebit/jobtry1/backend/node_modules/readable-stream/lib/_stream_writable.js:390:139)
    at writeOrBuffer (/home/ebit/jobtry1/backend/node_modules/readable-stream/lib/_stream_writable.js:381:5)
    at Writable.write (/home/ebit/jobtry1/backend/node_modules/readable-stream/lib/_stream_writable.js:302:11)
{
  "error": {
    "errno": -5,
    "syscall": "write",
    "code": "EIO"
  },
  "exception": true,
  "date": "Mon Apr 28 2025 21:11:49 GMT+0800 (China Standard Time)",
  "process": {
    "pid": 899083,
    "uid": 1000,
    "gid": 1000,
    "cwd": "/home/ebit/jobtry1/backend",
    "execPath": "/usr/bin/node",
    "version": "v23.9.0",
    "argv": [
      "/usr/bin/node",
      "/home/ebit/jobtry1/backend/server.js"
    ],
    "memoryUsage": {
      "rss": 182915072,
      "heapTotal": 84365312,
      "heapUsed": 65750568,
      "external": 22128211,
      "arrayBuffers": 18476108
    }
  },
  "os": {
    "loadavg": [
      2.54,
      1.48,
      0.89
    ],
    "uptime": 135477.96
  },
  "trace": [
    {
      "column": 3,
      "file": "node:fs",
      "function": "writeSync",
      "line": 925,
      "method": null,
      "native": false
    },
    {
      "column": 5,
      "file": "node:internal/fs/sync_write_stream",
      "function": "SyncWriteStream._write",
      "line": 27,
      "method": "_write",
      "native": false
    },
    {
      "column": 12,
      "file": "node:internal/streams/writable",
      "function": "writeOrBuffer",
      "line": 570,
      "method": null,
      "native": false
    },
    {
      "column": 10,
      "file": "node:internal/streams/writable",
      "function": "_write",
      "line": 499,
      "method": null,
      "native": false
    },
    {
      "column": 10,
      "file": "node:internal/streams/writable",
      "function": "Writable.write",
      "line": 508,
      "method": "write",
      "native": false
    },
    {
      "column": 23,
      "file": "/home/ebit/jobtry1/backend/node_modules/winston/lib/winston/transports/console.js",
      "function": "Console.log",
      "line": 87,
      "method": "log",
      "native": false
    },
    {
      "column": 17,
      "file": "/home/ebit/jobtry1/backend/node_modules/winston-transport/modern.js",
      "function": "Console._write",
      "line": 103,
      "method": "_write",
      "native": false
    },
    {
      "column": 139,
      "file": "/home/ebit/jobtry1/backend/node_modules/readable-stream/lib/_stream_writable.js",
      "function": "doWrite",
      "line": 390,
      "method": null,
      "native": false
    },
    {
      "column": 5,
      "file": "/home/ebit/jobtry1/backend/node_modules/readable-stream/lib/_stream_writable.js",
      "function": "writeOrBuffer",
      "line": 381,
      "method": null,
      "native": false
    },
    {
      "column": 11,
      "file": "/home/ebit/jobtry1/backend/node_modules/readable-stream/lib/_stream_writable.js",
      "function": "Writable.write",
      "line": 302,
      "method": "write",
      "native": false
    }
  ]
}
Error: EIO: i/o error, write
    at writeSync (node:fs:925:3)
    at SyncWriteStream._write (node:internal/fs/sync_write_stream:27:5)
    at writeOrBuffer (node:internal/streams/writable:570:12)
    at _write (node:internal/streams/writable:499:10)
    at Writable.write (node:internal/streams/writable:508:10)
    at Console.log (/home/ebit/jobtry1/backend/node_modules/winston/lib/winston/transports/console.js:87:23)
    at Console._write (/home/ebit/jobtry1/backend/node_modules/winston-transport/modern.js:103:17)
    at doWrite (/home/ebit/jobtry1/backend/node_modules/readable-stream/lib/_stream_writable.js:390:139)
    at writeOrBuffer (/home/ebit/jobtry1/backend/node_modules/readable-stream/lib/_stream_writable.js:381:5)
    at Writable.write (/home/ebit/jobtry1/backend/node_modules/readable-stream/lib/_stream_writable.js:302:11)
[2025-04-28 21:11:49] ERROR: uncaughtException: EIO: i/o error, write
Error: EIO: i/o error, write
    at writeSync (node:fs:925:3)
    at SyncWriteStream._write (node:internal/fs/sync_write_stream:27:5)
    at writeOrBuffer (node:internal/streams/writable:570:12)
    at _write (node:internal/streams/writable:499:10)
    at Writable.write (node:internal/streams/writable:508:10)
    at Console.log (/home/ebit/jobtry1/backend/node_modules/winston/lib/winston/transports/console.js:87:23)
    at Console._write (/home/ebit/jobtry1/backend/node_modules/winston-transport/modern.js:103:17)
    at doWrite (/home/ebit/jobtry1/backend/node_modules/readable-stream/lib/_stream_writable.js:390:139)
    at writeOrBuffer (/home/ebit/jobtry1/backend/node_modules/readable-stream/lib/_stream_writable.js:381:5)
    at Writable.write (/home/ebit/jobtry1/backend/node_modules/readable-stream/lib/_stream_writable.js:302:11)
{
  "error": {
    "errno": -5,
    "syscall": "write",
    "code": "EIO"
  },
  "exception": true,
  "date": "Mon Apr 28 2025 21:11:49 GMT+0800 (China Standard Time)",
  "process": {
    "pid": 899083,
    "uid": 1000,
    "gid": 1000,
    "cwd": "/home/ebit/jobtry1/backend",
    "execPath": "/usr/bin/node",
    "version": "v23.9.0",
    "argv": [
      "/usr/bin/node",
      "/home/ebit/jobtry1/backend/server.js"
    ],
    "memoryUsage": {
      "rss": 182915072,
      "heapTotal": 84365312,
      "heapUsed": 65820584,
      "external": 22137185,
      "arrayBuffers": 18485082
    }
  },
  "os": {
    "loadavg": [
      2.54,
      1.48,
      0.89
    ],
    "uptime": 135477.96
  },
  "trace": [
    {
      "column": 3,
      "file": "node:fs",
      "function": "writeSync",
      "line": 925,
      "method": null,
      "native": false
    },
    {
      "column": 5,
      "file": "node:internal/fs/sync_write_stream",
      "function": "SyncWriteStream._write",
      "line": 27,
      "method": "_write",
      "native": false
    },
    {
      "column": 12,
      "file": "node:internal/streams/writable",
      "function": "writeOrBuffer",
      "line": 570,
      "method": null,
      "native": false
    },
    {
      "column": 10,
      "file": "node:internal/streams/writable",
      "function": "_write",
      "line": 499,
      "method": null,
      "native": false
    },
    {
      "column": 10,
      "file": "node:internal/streams/writable",
      "function": "Writable.write",
      "line": 508,
      "method": "write",
      "native": false
    },
    {
      "column": 23,
      "file": "/home/ebit/jobtry1/backend/node_modules/winston/lib/winston/transports/console.js",
      "function": "Console.log",
      "line": 87,
      "method": "log",
      "native": false
    },
    {
      "column": 17,
      "file": "/home/ebit/jobtry1/backend/node_modules/winston-transport/modern.js",
      "function": "Console._write",
      "line": 103,
      "method": "_write",
      "native": false
    },
    {
      "column": 139,
      "file": "/home/ebit/jobtry1/backend/node_modules/readable-stream/lib/_stream_writable.js",
      "function": "doWrite",
      "line": 390,
      "method": null,
      "native": false
    },
    {
      "column": 5,
      "file": "/home/ebit/jobtry1/backend/node_modules/readable-stream/lib/_stream_writable.js",
      "function": "writeOrBuffer",
      "line": 381,
      "method": null,
      "native": false
    },
    {
      "column": 11,
      "file": "/home/ebit/jobtry1/backend/node_modules/readable-stream/lib/_stream_writable.js",
      "function": "Writable.write",
      "line": 302,
      "method": "write",
      "native": false
    }
  ]
}
Error: EIO: i/o error, write
    at writeSync (node:fs:925:3)
    at SyncWriteStream._write (node:internal/fs/sync_write_stream:27:5)
    at writeOrBuffer (node:internal/streams/writable:570:12)
    at _write (node:internal/streams/writable:499:10)
    at Writable.write (node:internal/streams/writable:508:10)
    at Console.log (/home/ebit/jobtry1/backend/node_modules/winston/lib/winston/transports/console.js:87:23)
    at Console._write (/home/ebit/jobtry1/backend/node_modules/winston-transport/modern.js:103:17)
    at doWrite (/home/ebit/jobtry1/backend/node_modules/readable-stream/lib/_stream_writable.js:390:139)
    at writeOrBuffer (/home/ebit/jobtry1/backend/node_modules/readable-stream/lib/_stream_writable.js:381:5)
    at Writable.write (/home/ebit/jobtry1/backend/node_modules/readable-stream/lib/_stream_writable.js:302:11)
[2025-04-28 21:11:49] ERROR: uncaughtException: EIO: i/o error, write
Error: EIO: i/o error, write
    at writeSync (node:fs:925:3)
    at SyncWriteStream._write (node:internal/fs/sync_write_stream:27:5)
    at writeOrBuffer (node:internal/streams/writable:570:12)
    at _write (node:internal/streams/writable:499:10)
    at Writable.write (node:internal/streams/writable:508:10)
    at Console.log (/home/ebit/jobtry1/backend/node_modules/winston/lib/winston/transports/console.js:87:23)
    at Console._write (/home/ebit/jobtry1/backend/node_modules/winston-transport/modern.js:103:17)
    at doWrite (/home/ebit/jobtry1/backend/node_modules/readable-stream/lib/_stream_writable.js:390:139)
    at writeOrBuffer (/home/ebit/jobtry1/backend/node_modules/readable-stream/lib/_stream_writable.js:381:5)
    at Writable.write (/home/ebit/jobtry1/backend/node_modules/readable-stream/lib/_stream_writable.js:302:11)
{
  "error": {
    "errno": -5,
    "syscall": "write",
    "code": "EIO"
  },
  "exception": true,
  "date": "Mon Apr 28 2025 21:11:49 GMT+0800 (China Standard Time)",
  "process": {
    "pid": 899083,
    "uid": 1000,
    "gid": 1000,
    "cwd": "/home/ebit/jobtry1/backend",
    "execPath": "/usr/bin/node",
    "version": "v23.9.0",
    "argv": [
      "/usr/bin/node",
      "/home/ebit/jobtry1/backend/server.js"
    ],
    "memoryUsage": {
      "rss": 182915072,
      "heapTotal": 84365312,
      "heapUsed": 65881720,
      "external": 22146159,
      "arrayBuffers": 18494056
    }
  },
  "os": {
    "loadavg": [
      2.54,
      1.48,
      0.89
    ],
    "uptime": 135477.96
  },
  "trace": [
    {
      "column": 3,
      "file": "node:fs",
      "function": "writeSync",
      "line": 925,
      "method": null,
      "native": false
    },
    {
      "column": 5,
      "file": "node:internal/fs/sync_write_stream",
      "function": "SyncWriteStream._write",
      "line": 27,
      "method": "_write",
      "native": false
    },
    {
      "column": 12,
      "file": "node:internal/streams/writable",
      "function": "writeOrBuffer",
      "line": 570,
      "method": null,
      "native": false
    },
    {
      "column": 10,
      "file": "node:internal/streams/writable",
      "function": "_write",
      "line": 499,
      "method": null,
      "native": false
    },
    {
      "column": 10,
      "file": "node:internal/streams/writable",
      "function": "Writable.write",
      "line": 508,
      "method": "write",
      "native": false
    },
    {
      "column": 23,
      "file": "/home/ebit/jobtry1/backend/node_modules/winston/lib/winston/transports/console.js",
      "function": "Console.log",
      "line": 87,
      "method": "log",
      "native": false
    },
    {
      "column": 17,
      "file": "/home/ebit/jobtry1/backend/node_modules/winston-transport/modern.js",
      "function": "Console._write",
      "line": 103,
      "method": "_write",
      "native": false
    },
    {
      "column": 139,
      "file": "/home/ebit/jobtry1/backend/node_modules/readable-stream/lib/_stream_writable.js",
      "function": "doWrite",
      "line": 390,
      "method": null,
      "native": false
    },
    {
      "column": 5,
      "file": "/home/ebit/jobtry1/backend/node_modules/readable-stream/lib/_stream_writable.js",
      "function": "writeOrBuffer",
      "line": 381,
      "method": null,
      "native": false
    },
    {
      "column": 11,
      "file": "/home/ebit/jobtry1/backend/node_modules/readable-stream/lib/_stream_writable.js",
      "function": "Writable.write",
      "line": 302,
      "method": "write",
      "native": false
    }
  ]
}
Error: EIO: i/o error, write
    at writeSync (node:fs:925:3)
    at SyncWriteStream._write (node:internal/fs/sync_write_stream:27:5)
    at writeOrBuffer (node:internal/streams/writable:570:12)
    at _write (node:internal/streams/writable:499:10)
    at Writable.write (node:internal/streams/writable:508:10)
    at Console.log (/home/ebit/jobtry1/backend/node_modules/winston/lib/winston/transports/console.js:87:23)
    at Console._write (/home/ebit/jobtry1/backend/node_modules/winston-transport/modern.js:103:17)
    at doWrite (/home/ebit/jobtry1/backend/node_modules/readable-stream/lib/_stream_writable.js:390:139)
    at writeOrBuffer (/home/ebit/jobtry1/backend/node_modules/readable-stream/lib/_stream_writable.js:381:5)
    at Writable.write (/home/ebit/jobtry1/backend/node_modules/readable-stream/lib/_stream_writable.js:302:11)
[2025-04-28 21:11:49] ERROR: uncaughtException: EIO: i/o error, write
Error: EIO: i/o error, write
    at writeSync (node:fs:925:3)
    at SyncWriteStream._write (node:internal/fs/sync_write_stream:27:5)
    at writeOrBuffer (node:internal/streams/writable:570:12)
    at _write (node:internal/streams/writable:499:10)
    at Writable.write (node:internal/streams/writable:508:10)
    at Console.log (/home/ebit/jobtry1/backend/node_modules/winston/lib/winston/transports/console.js:87:23)
    at Console._write (/home/ebit/jobtry1/backend/node_modules/winston-transport/modern.js:103:17)
    at doWrite (/home/ebit/jobtry1/backend/node_modules/readable-stream/lib/_stream_writable.js:390:139)
    at writeOrBuffer (/home/ebit/jobtry1/backend/node_modules/readable-stream/lib/_stream_writable.js:381:5)
    at Writable.write (/home/ebit/jobtry1/backend/node_modules/readable-stream/lib/_stream_writable.js:302:11)
{
  "error": {
    "errno": -5,
    "syscall": "write",
    "code": "EIO"
  },
  "exception": true,
  "date": "Mon Apr 28 2025 21:11:49 GMT+0800 (China Standard Time)",
  "process": {
    "pid": 899083,
    "uid": 1000,
    "gid": 1000,
    "cwd": "/home/ebit/jobtry1/backend",
    "execPath": "/usr/bin/node",
    "version": "v23.9.0",
    "argv": [
      "/usr/bin/node",
      "/home/ebit/jobtry1/backend/server.js"
    ],
    "memoryUsage": {
      "rss": 183046144,
      "heapTotal": 84365312,
      "heapUsed": 65968440,
      "external": 22155133,
      "arrayBuffers": 18503030
    }
  },
  "os": {
    "loadavg": [
      2.54,
      1.48,
      0.89
    ],
    "uptime": 135477.96
  },
  "trace": [
    {
      "column": 3,
      "file": "node:fs",
      "function": "writeSync",
      "line": 925,
      "method": null,
      "native": false
    },
    {
      "column": 5,
      "file": "node:internal/fs/sync_write_stream",
      "function": "SyncWriteStream._write",
      "line": 27,
      "method": "_write",
      "native": false
    },
    {
      "column": 12,
      "file": "node:internal/streams/writable",
      "function": "writeOrBuffer",
      "line": 570,
      "method": null,
      "native": false
    },
    {
      "column": 10,
      "file": "node:internal/streams/writable",
      "function": "_write",
      "line": 499,
      "method": null,
      "native": false
    },
    {
      "column": 10,
      "file": "node:internal/streams/writable",
      "function": "Writable.write",
      "line": 508,
      "method": "write",
      "native": false
    },
    {
      "column": 23,
      "file": "/home/ebit/jobtry1/backend/node_modules/winston/lib/winston/transports/console.js",
      "function": "Console.log",
      "line": 87,
      "method": "log",
      "native": false
    },
    {
      "column": 17,
      "file": "/home/ebit/jobtry1/backend/node_modules/winston-transport/modern.js",
      "function": "Console._write",
      "line": 103,
      "method": "_write",
      "native": false
    },
    {
      "column": 139,
      "file": "/home/ebit/jobtry1/backend/node_modules/readable-stream/lib/_stream_writable.js",
      "function": "doWrite",
      "line": 390,
      "method": null,
      "native": false
    },
    {
      "column": 5,
      "file": "/home/ebit/jobtry1/backend/node_modules/readable-stream/lib/_stream_writable.js",
      "function": "writeOrBuffer",
      "line": 381,
      "method": null,
      "native": false
    },
    {
      "column": 11,
      "file": "/home/ebit/jobtry1/backend/node_modules/readable-stream/lib/_stream_writable.js",
      "function": "Writable.write",
      "line": 302,
      "method": "write",
      "native": false
    }
  ]
}
Error: EIO: i/o error, write
    at writeSync (node:fs:925:3)
    at SyncWriteStream._write (node:internal/fs/sync_write_stream:27:5)
    at writeOrBuffer (node:internal/streams/writable:570:12)
    at _write (node:internal/streams/writable:499:10)
    at Writable.write (node:internal/streams/writable:508:10)
    at Console.log (/home/ebit/jobtry1/backend/node_modules/winston/lib/winston/transports/console.js:87:23)
    at Console._write (/home/ebit/jobtry1/backend/node_modules/winston-transport/modern.js:103:17)
    at doWrite (/home/ebit/jobtry1/backend/node_modules/readable-stream/lib/_stream_writable.js:390:139)
    at writeOrBuffer (/home/ebit/jobtry1/backend/node_modules/readable-stream/lib/_stream_writable.js:381:5)
    at Writable.write (/home/ebit/jobtry1/backend/node_modules/readable-stream/lib/_stream_writable.js:302:11)
[2025-04-28 21:11:49] ERROR: uncaughtException: EIO: i/o error, write
Error: EIO: i/o error, write
    at writeSync (node:fs:925:3)
    at SyncWriteStream._write (node:internal/fs/sync_write_stream:27:5)
    at writeOrBuffer (node:internal/streams/writable:570:12)
    at _write (node:internal/streams/writable:499:10)
    at Writable.write (node:internal/streams/writable:508:10)
    at Console.log (/home/ebit/jobtry1/backend/node_modules/winston/lib/winston/transports/console.js:87:23)
    at Console._write (/home/ebit/jobtry1/backend/node_modules/winston-transport/modern.js:103:17)
    at doWrite (/home/ebit/jobtry1/backend/node_modules/readable-stream/lib/_stream_writable.js:390:139)
    at writeOrBuffer (/home/ebit/jobtry1/backend/node_modules/readable-stream/lib/_stream_writable.js:381:5)
    at Writable.write (/home/ebit/jobtry1/backend/node_modules/readable-stream/lib/_stream_writable.js:302:11)
{
  "error": {
    "errno": -5,
    "syscall": "write",
    "code": "EIO"
  },
  "exception": true,
  "date": "Mon Apr 28 2025 21:11:49 GMT+0800 (China Standard Time)",
  "process": {
    "pid": 899083,
    "uid": 1000,
    "gid": 1000,
    "cwd": "/home/ebit/jobtry1/backend",
    "execPath": "/usr/bin/node",
    "version": "v23.9.0",
    "argv": [
      "/usr/bin/node",
      "/home/ebit/jobtry1/backend/server.js"
    ],
    "memoryUsage": {
      "rss": 183046144,
      "heapTotal": 84365312,
      "heapUsed": 66032848,
      "external": 22159625,
      "arrayBuffers": 18507522
    }
  },
  "os": {
    "loadavg": [
      2.54,
      1.48,
      0.89
    ],
    "uptime": 135477.96
  },
  "trace": [
    {
      "column": 3,
      "file": "node:fs",
      "function": "writeSync",
      "line": 925,
      "method": null,
      "native": false
    },
    {
      "column": 5,
      "file": "node:internal/fs/sync_write_stream",
      "function": "SyncWriteStream._write",
      "line": 27,
      "method": "_write",
      "native": false
    },
    {
      "column": 12,
      "file": "node:internal/streams/writable",
      "function": "writeOrBuffer",
      "line": 570,
      "method": null,
      "native": false
    },
    {
      "column": 10,
      "file": "node:internal/streams/writable",
      "function": "_write",
      "line": 499,
      "method": null,
      "native": false
    },
    {
      "column": 10,
      "file": "node:internal/streams/writable",
      "function": "Writable.write",
      "line": 508,
      "method": "write",
      "native": false
    },
    {
      "column": 23,
      "file": "/home/ebit/jobtry1/backend/node_modules/winston/lib/winston/transports/console.js",
      "function": "Console.log",
      "line": 87,
      "method": "log",
      "native": false
    },
    {
      "column": 17,
      "file": "/home/ebit/jobtry1/backend/node_modules/winston-transport/modern.js",
      "function": "Console._write",
      "line": 103,
      "method": "_write",
      "native": false
    },
    {
      "column": 139,
      "file": "/home/ebit/jobtry1/backend/node_modules/readable-stream/lib/_stream_writable.js",
      "function": "doWrite",
      "line": 390,
      "method": null,
      "native": false
    },
    {
      "column": 5,
      "file": "/home/ebit/jobtry1/backend/node_modules/readable-stream/lib/_stream_writable.js",
      "function": "writeOrBuffer",
      "line": 381,
      "method": null,
      "native": false
    },
    {
      "column": 11,
      "file": "/home/ebit/jobtry1/backend/node_modules/readable-stream/lib/_stream_writable.js",
      "function": "Writable.write",
      "line": 302,
      "method": "write",
      "native": false
    }
  ]
}
Error: EIO: i/o error, write
    at writeSync (node:fs:925:3)
    at SyncWriteStream._write (node:internal/fs/sync_write_stream:27:5)
    at writeOrBuffer (node:internal/streams/writable:570:12)
    at _write (node:internal/streams/writable:499:10)
    at Writable.write (node:internal/streams/writable:508:10)
    at Console.log (/home/ebit/jobtry1/backend/node_modules/winston/lib/winston/transports/console.js:87:23)
    at Console._write (/home/ebit/jobtry1/backend/node_modules/winston-transport/modern.js:103:17)
    at doWrite (/home/ebit/jobtry1/backend/node_modules/readable-stream/lib/_stream_writable.js:390:139)
    at writeOrBuffer (/home/ebit/jobtry1/backend/node_modules/readable-stream/lib/_stream_writable.js:381:5)
    at Writable.write (/home/ebit/jobtry1/backend/node_modules/readable-stream/lib/_stream_writable.js:302:11)
[2025-04-28 21:11:49] ERROR: uncaughtException: EIO: i/o error, write
Error: EIO: i/o error, write
    at writeSync (node:fs:925:3)
    at SyncWriteStream._write (node:internal/fs/sync_write_stream:27:5)
    at writeOrBuffer (node:internal/streams/writable:570:12)
    at _write (node:internal/streams/writable:499:10)
    at Writable.write (node:internal/streams/writable:508:10)
    at Console.log (/home/ebit/jobtry1/backend/node_modules/winston/lib/winston/transports/console.js:87:23)
    at Console._write (/home/ebit/jobtry1/backend/node_modules/winston-transport/modern.js:103:17)
    at doWrite (/home/ebit/jobtry1/backend/node_modules/readable-stream/lib/_stream_writable.js:390:139)
    at writeOrBuffer (/home/ebit/jobtry1/backend/node_modules/readable-stream/lib/_stream_writable.js:381:5)
    at Writable.write (/home/ebit/jobtry1/backend/node_modules/readable-stream/lib/_stream_writable.js:302:11)
{
  "error": {
    "errno": -5,
    "syscall": "write",
    "code": "EIO"
  },
  "exception": true,
  "date": "Mon Apr 28 2025 21:11:49 GMT+0800 (China Standard Time)",
  "process": {
    "pid": 899083,
    "uid": 1000,
    "gid": 1000,
    "cwd": "/home/ebit/jobtry1/backend",
    "execPath": "/usr/bin/node",
    "version": "v23.9.0",
    "argv": [
      "/usr/bin/node",
      "/home/ebit/jobtry1/backend/server.js"
    ],
    "memoryUsage": {
      "rss": 183046144,
      "heapTotal": 84365312,
      "heapUsed": 66049640,
      "external": 22164117,
      "arrayBuffers": 18512014
    }
  },
  "os": {
    "loadavg": [
      2.54,
      1.48,
      0.89
    ],
    "uptime": 135477.96
  },
  "trace": [
    {
      "column": 3,
      "file": "node:fs",
      "function": "writeSync",
      "line": 925,
      "method": null,
      "native": false
    },
    {
      "column": 5,
      "file": "node:internal/fs/sync_write_stream",
      "function": "SyncWriteStream._write",
      "line": 27,
      "method": "_write",
      "native": false
    },
    {
      "column": 12,
      "file": "node:internal/streams/writable",
      "function": "writeOrBuffer",
      "line": 570,
      "method": null,
      "native": false
    },
    {
      "column": 10,
      "file": "node:internal/streams/writable",
      "function": "_write",
      "line": 499,
      "method": null,
      "native": false
    },
    {
      "column": 10,
      "file": "node:internal/streams/writable",
      "function": "Writable.write",
      "line": 508,
      "method": "write",
      "native": false
    },
    {
      "column": 23,
      "file": "/home/ebit/jobtry1/backend/node_modules/winston/lib/winston/transports/console.js",
      "function": "Console.log",
      "line": 87,
      "method": "log",
      "native": false
    },
    {
      "column": 17,
      "file": "/home/ebit/jobtry1/backend/node_modules/winston-transport/modern.js",
      "function": "Console._write",
      "line": 103,
      "method": "_write",
      "native": false
    },
    {
      "column": 139,
      "file": "/home/ebit/jobtry1/backend/node_modules/readable-stream/lib/_stream_writable.js",
      "function": "doWrite",
      "line": 390,
      "method": null,
      "native": false
    },
    {
      "column": 5,
      "file": "/home/ebit/jobtry1/backend/node_modules/readable-stream/lib/_stream_writable.js",
      "function": "writeOrBuffer",
      "line": 381,
      "method": null,
      "native": false
    },
    {
      "column": 11,
      "file": "/home/ebit/jobtry1/backend/node_modules/readable-stream/lib/_stream_writable.js",
      "function": "Writable.write",
      "line": 302,
      "method": "write",
      "native": false
    }
  ]
}
Error: EIO: i/o error, write
    at writeSync (node:fs:925:3)
    at SyncWriteStream._write (node:internal/fs/sync_write_stream:27:5)
    at writeOrBuffer (node:internal/streams/writable:570:12)
    at _write (node:internal/streams/writable:499:10)
    at Writable.write (node:internal/streams/writable:508:10)
    at Console.log (/home/ebit/jobtry1/backend/node_modules/winston/lib/winston/transports/console.js:87:23)
    at Console._write (/home/ebit/jobtry1/backend/node_modules/winston-transport/modern.js:103:17)
    at doWrite (/home/ebit/jobtry1/backend/node_modules/readable-stream/lib/_stream_writable.js:390:139)
    at writeOrBuffer (/home/ebit/jobtry1/backend/node_modules/readable-stream/lib/_stream_writable.js:381:5)
    at Writable.write (/home/ebit/jobtry1/backend/node_modules/readable-stream/lib/_stream_writable.js:302:11)
[2025-04-28 21:11:49] ERROR: uncaughtException: EIO: i/o error, write
Error: EIO: i/o error, write
    at writeSync (node:fs:925:3)
    at SyncWriteStream._write (node:internal/fs/sync_write_stream:27:5)
    at writeOrBuffer (node:internal/streams/writable:570:12)
    at _write (node:internal/streams/writable:499:10)
    at Writable.write (node:internal/streams/writable:508:10)
    at Console.log (/home/ebit/jobtry1/backend/node_modules/winston/lib/winston/transports/console.js:87:23)
    at Console._write (/home/ebit/jobtry1/backend/node_modules/winston-transport/modern.js:103:17)
    at doWrite (/home/ebit/jobtry1/backend/node_modules/readable-stream/lib/_stream_writable.js:390:139)
    at writeOrBuffer (/home/ebit/jobtry1/backend/node_modules/readable-stream/lib/_stream_writable.js:381:5)
    at Writable.write (/home/ebit/jobtry1/backend/node_modules/readable-stream/lib/_stream_writable.js:302:11)
{
  "error": {
    "errno": -5,
    "syscall": "write",
    "code": "EIO"
  },
  "exception": true,
  "date": "Mon Apr 28 2025 21:11:49 GMT+0800 (China Standard Time)",
  "process": {
    "pid": 899083,
    "uid": 1000,
    "gid": 1000,
    "cwd": "/home/ebit/jobtry1/backend",
    "execPath": "/usr/bin/node",
    "version": "v23.9.0",
    "argv": [
      "/usr/bin/node",
      "/home/ebit/jobtry1/backend/server.js"
    ],
    "memoryUsage": {
      "rss": 185667584,
      "heapTotal": 87248896,
      "heapUsed": 54968784,
      "external": 22128145,
      "arrayBuffers": 18476042
    }
  },
  "os": {
    "loadavg": [
      2.54,
      1.48,
      0.89
    ],
    "uptime": 135477.96
  },
  "trace": [
    {
      "column": 3,
      "file": "node:fs",
      "function": "writeSync",
      "line": 925,
      "method": null,
      "native": false
    },
    {
      "column": 5,
      "file": "node:internal/fs/sync_write_stream",
      "function": "SyncWriteStream._write",
      "line": 27,
      "method": "_write",
      "native": false
    },
    {
      "column": 12,
      "file": "node:internal/streams/writable",
      "function": "writeOrBuffer",
      "line": 570,
      "method": null,
      "native": false
    },
    {
      "column": 10,
      "file": "node:internal/streams/writable",
      "function": "_write",
      "line": 499,
      "method": null,
      "native": false
    },
    {
      "column": 10,
      "file": "node:internal/streams/writable",
      "function": "Writable.write",
      "line": 508,
      "method": "write",
      "native": false
    },
    {
      "column": 23,
      "file": "/home/ebit/jobtry1/backend/node_modules/winston/lib/winston/transports/console.js",
      "function": "Console.log",
      "line": 87,
      "method": "log",
      "native": false
    },
    {
      "column": 17,
      "file": "/home/ebit/jobtry1/backend/node_modules/winston-transport/modern.js",
      "function": "Console._write",
      "line": 103,
      "method": "_write",
      "native": false
    },
    {
      "column": 139,
      "file": "/home/ebit/jobtry1/backend/node_modules/readable-stream/lib/_stream_writable.js",
      "function": "doWrite",
      "line": 390,
      "method": null,
      "native": false
    },
    {
      "column": 5,
      "file": "/home/ebit/jobtry1/backend/node_modules/readable-stream/lib/_stream_writable.js",
      "function": "writeOrBuffer",
      "line": 381,
      "method": null,
      "native": false
    },
    {
      "column": 11,
      "file": "/home/ebit/jobtry1/backend/node_modules/readable-stream/lib/_stream_writable.js",
      "function": "Writable.write",
      "line": 302,
      "method": "write",
      "native": false
    }
  ]
}
Error: EIO: i/o error, write
    at writeSync (node:fs:925:3)
    at SyncWriteStream._write (node:internal/fs/sync_write_stream:27:5)
    at writeOrBuffer (node:internal/streams/writable:570:12)
    at _write (node:internal/streams/writable:499:10)
    at Writable.write (node:internal/streams/writable:508:10)
    at Console.log (/home/ebit/jobtry1/backend/node_modules/winston/lib/winston/transports/console.js:87:23)
    at Console._write (/home/ebit/jobtry1/backend/node_modules/winston-transport/modern.js:103:17)
    at doWrite (/home/ebit/jobtry1/backend/node_modules/readable-stream/lib/_stream_writable.js:390:139)
    at writeOrBuffer (/home/ebit/jobtry1/backend/node_modules/readable-stream/lib/_stream_writable.js:381:5)
    at Writable.write (/home/ebit/jobtry1/backend/node_modules/readable-stream/lib/_stream_writable.js:302:11)
[2025-04-28 21:11:49] ERROR: uncaughtException: EIO: i/o error, write
Error: EIO: i/o error, write
    at writeSync (node:fs:925:3)
    at SyncWriteStream._write (node:internal/fs/sync_write_stream:27:5)
    at writeOrBuffer (node:internal/streams/writable:570:12)
    at _write (node:internal/streams/writable:499:10)
    at Writable.write (node:internal/streams/writable:508:10)
    at console.value (node:internal/console/constructor:298:16)
    at console.error (node:internal/console/constructor:412:26)
    at writeOut (node:internal/process/warning:56:3)
    at process.onWarning (node:internal/process/warning:132:3)
    at process.emit (node:events:507:28)
{
  "error": {
    "errno": -5,
    "syscall": "write",
    "code": "EIO"
  },
  "exception": true,
  "date": "Mon Apr 28 2025 21:11:49 GMT+0800 (China Standard Time)",
  "process": {
    "pid": 899083,
    "uid": 1000,
    "gid": 1000,
    "cwd": "/home/ebit/jobtry1/backend",
    "execPath": "/usr/bin/node",
    "version": "v23.9.0",
    "argv": [
      "/usr/bin/node",
      "/home/ebit/jobtry1/backend/server.js"
    ],
    "memoryUsage": {
      "rss": 185667584,
      "heapTotal": 87248896,
      "heapUsed": 55011824,
      "external": 22132637,
      "arrayBuffers": 18480534
    }
  },
  "os": {
    "loadavg": [
      2.54,
      1.48,
      0.89
    ],
    "uptime": 135477.96
  },
  "trace": [
    {
      "column": 3,
      "file": "node:fs",
      "function": "writeSync",
      "line": 925,
      "method": null,
      "native": false
    },
    {
      "column": 5,
      "file": "node:internal/fs/sync_write_stream",
      "function": "SyncWriteStream._write",
      "line": 27,
      "method": "_write",
      "native": false
    },
    {
      "column": 12,
      "file": "node:internal/streams/writable",
      "function": "writeOrBuffer",
      "line": 570,
      "method": null,
      "native": false
    },
    {
      "column": 10,
      "file": "node:internal/streams/writable",
      "function": "_write",
      "line": 499,
      "method": null,
      "native": false
    },
    {
      "column": 10,
      "file": "node:internal/streams/writable",
      "function": "Writable.write",
      "line": 508,
      "method": "write",
      "native": false
    },
    {
      "column": 16,
      "file": "node:internal/console/constructor",
      "function": "console.value",
      "line": 298,
      "method": "value",
      "native": false
    },
    {
      "column": 26,
      "file": "node:internal/console/constructor",
      "function": "console.error",
      "line": 412,
      "method": "error",
      "native": false
    },
    {
      "column": 3,
      "file": "node:internal/process/warning",
      "function": "writeOut",
      "line": 56,
      "method": null,
      "native": false
    },
    {
      "column": 3,
      "file": "node:internal/process/warning",
      "function": "process.onWarning",
      "line": 132,
      "method": "onWarning",
      "native": false
    },
    {
      "column": 28,
      "file": "node:events",
      "function": "process.emit",
      "line": 507,
      "method": "emit",
      "native": false
    }
  ]
}
Error: EIO: i/o error, write
    at writeSync (node:fs:925:3)
    at SyncWriteStream._write (node:internal/fs/sync_write_stream:27:5)
    at writeOrBuffer (node:internal/streams/writable:570:12)
    at _write (node:internal/streams/writable:499:10)
    at Writable.write (node:internal/streams/writable:508:10)
    at console.value (node:internal/console/constructor:298:16)
    at console.error (node:internal/console/constructor:412:26)
    at writeOut (node:internal/process/warning:56:3)
    at process.onWarning (node:internal/process/warning:132:3)
    at process.emit (node:events:507:28)
[2025-04-28 21:11:49] ERROR: uncaughtException: EIO: i/o error, write
Error: EIO: i/o error, write
    at writeSync (node:fs:925:3)
    at SyncWriteStream._write (node:internal/fs/sync_write_stream:27:5)
    at writeOrBuffer (node:internal/streams/writable:570:12)
    at _write (node:internal/streams/writable:499:10)
    at Writable.write (node:internal/streams/writable:508:10)
    at Console.log (/home/ebit/jobtry1/backend/node_modules/winston/lib/winston/transports/console.js:87:23)
    at Console._write (/home/ebit/jobtry1/backend/node_modules/winston-transport/modern.js:103:17)
    at doWrite (/home/ebit/jobtry1/backend/node_modules/readable-stream/lib/_stream_writable.js:390:139)
    at writeOrBuffer (/home/ebit/jobtry1/backend/node_modules/readable-stream/lib/_stream_writable.js:381:5)
    at Writable.write (/home/ebit/jobtry1/backend/node_modules/readable-stream/lib/_stream_writable.js:302:11)
{
  "error": {
    "errno": -5,
    "syscall": "write",
    "code": "EIO"
  },
  "exception": true,
  "date": "Mon Apr 28 2025 21:11:49 GMT+0800 (China Standard Time)",
  "process": {
    "pid": 899083,
    "uid": 1000,
    "gid": 1000,
    "cwd": "/home/ebit/jobtry1/backend",
    "execPath": "/usr/bin/node",
    "version": "v23.9.0",
    "argv": [
      "/usr/bin/node",
      "/home/ebit/jobtry1/backend/server.js"
    ],
    "memoryUsage": {
      "rss": 185667584,
      "heapTotal": 87248896,
      "heapUsed": 55050040,
      "external": 22132637,
      "arrayBuffers": 18480534
    }
  },
  "os": {
    "loadavg": [
      2.54,
      1.48,
      0.89
    ],
    "uptime": 135477.96
  },
  "trace": [
    {
      "column": 3,
      "file": "node:fs",
      "function": "writeSync",
      "line": 925,
      "method": null,
      "native": false
    },
    {
      "column": 5,
      "file": "node:internal/fs/sync_write_stream",
      "function": "SyncWriteStream._write",
      "line": 27,
      "method": "_write",
      "native": false
    },
    {
      "column": 12,
      "file": "node:internal/streams/writable",
      "function": "writeOrBuffer",
      "line": 570,
      "method": null,
      "native": false
    },
    {
      "column": 10,
      "file": "node:internal/streams/writable",
      "function": "_write",
      "line": 499,
      "method": null,
      "native": false
    },
    {
      "column": 10,
      "file": "node:internal/streams/writable",
      "function": "Writable.write",
      "line": 508,
      "method": "write",
      "native": false
    },
    {
      "column": 23,
      "file": "/home/ebit/jobtry1/backend/node_modules/winston/lib/winston/transports/console.js",
      "function": "Console.log",
      "line": 87,
      "method": "log",
      "native": false
    },
    {
      "column": 17,
      "file": "/home/ebit/jobtry1/backend/node_modules/winston-transport/modern.js",
      "function": "Console._write",
      "line": 103,
      "method": "_write",
      "native": false
    },
    {
      "column": 139,
      "file": "/home/ebit/jobtry1/backend/node_modules/readable-stream/lib/_stream_writable.js",
      "function": "doWrite",
      "line": 390,
      "method": null,
      "native": false
    },
    {
      "column": 5,
      "file": "/home/ebit/jobtry1/backend/node_modules/readable-stream/lib/_stream_writable.js",
      "function": "writeOrBuffer",
      "line": 381,
      "method": null,
      "native": false
    },
    {
      "column": 11,
      "file": "/home/ebit/jobtry1/backend/node_modules/readable-stream/lib/_stream_writable.js",
      "function": "Writable.write",
      "line": 302,
      "method": "write",
      "native": false
    }
  ]
}
Error: EIO: i/o error, write
    at writeSync (node:fs:925:3)
    at SyncWriteStream._write (node:internal/fs/sync_write_stream:27:5)
    at writeOrBuffer (node:internal/streams/writable:570:12)
    at _write (node:internal/streams/writable:499:10)
    at Writable.write (node:internal/streams/writable:508:10)
    at Console.log (/home/ebit/jobtry1/backend/node_modules/winston/lib/winston/transports/console.js:87:23)
    at Console._write (/home/ebit/jobtry1/backend/node_modules/winston-transport/modern.js:103:17)
    at doWrite (/home/ebit/jobtry1/backend/node_modules/readable-stream/lib/_stream_writable.js:390:139)
    at writeOrBuffer (/home/ebit/jobtry1/backend/node_modules/readable-stream/lib/_stream_writable.js:381:5)
    at Writable.write (/home/ebit/jobtry1/backend/node_modules/readable-stream/lib/_stream_writable.js:302:11)
[2025-04-28 21:11:49] ERROR: uncaughtException: EIO: i/o error, write
Error: EIO: i/o error, write
    at writeSync (node:fs:925:3)
    at SyncWriteStream._write (node:internal/fs/sync_write_stream:27:5)
    at writeOrBuffer (node:internal/streams/writable:570:12)
    at _write (node:internal/streams/writable:499:10)
    at Writable.write (node:internal/streams/writable:508:10)
    at Console.log (/home/ebit/jobtry1/backend/node_modules/winston/lib/winston/transports/console.js:87:23)
    at Console._write (/home/ebit/jobtry1/backend/node_modules/winston-transport/modern.js:103:17)
    at doWrite (/home/ebit/jobtry1/backend/node_modules/readable-stream/lib/_stream_writable.js:390:139)
    at writeOrBuffer (/home/ebit/jobtry1/backend/node_modules/readable-stream/lib/_stream_writable.js:381:5)
    at Writable.write (/home/ebit/jobtry1/backend/node_modules/readable-stream/lib/_stream_writable.js:302:11)
{
  "error": {
    "errno": -5,
    "syscall": "write",
    "code": "EIO"
  },
  "exception": true,
  "date": "Mon Apr 28 2025 21:11:49 GMT+0800 (China Standard Time)",
  "process": {
    "pid": 899083,
    "uid": 1000,
    "gid": 1000,
    "cwd": "/home/ebit/jobtry1/backend",
    "execPath": "/usr/bin/node",
    "version": "v23.9.0",
    "argv": [
      "/usr/bin/node",
      "/home/ebit/jobtry1/backend/server.js"
    ],
    "memoryUsage": {
      "rss": 185667584,
      "heapTotal": 87248896,
      "heapUsed": 55095848,
      "external": 22137129,
      "arrayBuffers": 18485026
    }
  },
  "os": {
    "loadavg": [
      2.54,
      1.48,
      0.89
    ],
    "uptime": 135477.96
  },
  "trace": [
    {
      "column": 3,
      "file": "node:fs",
      "function": "writeSync",
      "line": 925,
      "method": null,
      "native": false
    },
    {
      "column": 5,
      "file": "node:internal/fs/sync_write_stream",
      "function": "SyncWriteStream._write",
      "line": 27,
      "method": "_write",
      "native": false
    },
    {
      "column": 12,
      "file": "node:internal/streams/writable",
      "function": "writeOrBuffer",
      "line": 570,
      "method": null,
      "native": false
    },
    {
      "column": 10,
      "file": "node:internal/streams/writable",
      "function": "_write",
      "line": 499,
      "method": null,
      "native": false
    },
    {
      "column": 10,
      "file": "node:internal/streams/writable",
      "function": "Writable.write",
      "line": 508,
      "method": "write",
      "native": false
    },
    {
      "column": 23,
      "file": "/home/ebit/jobtry1/backend/node_modules/winston/lib/winston/transports/console.js",
      "function": "Console.log",
      "line": 87,
      "method": "log",
      "native": false
    },
    {
      "column": 17,
      "file": "/home/ebit/jobtry1/backend/node_modules/winston-transport/modern.js",
      "function": "Console._write",
      "line": 103,
      "method": "_write",
      "native": false
    },
    {
      "column": 139,
      "file": "/home/ebit/jobtry1/backend/node_modules/readable-stream/lib/_stream_writable.js",
      "function": "doWrite",
      "line": 390,
      "method": null,
      "native": false
    },
    {
      "column": 5,
      "file": "/home/ebit/jobtry1/backend/node_modules/readable-stream/lib/_stream_writable.js",
      "function": "writeOrBuffer",
      "line": 381,
      "method": null,
      "native": false
    },
    {
      "column": 11,
      "file": "/home/ebit/jobtry1/backend/node_modules/readable-stream/lib/_stream_writable.js",
      "function": "Writable.write",
      "line": 302,
      "method": "write",
      "native": false
    }
  ]
}
Error: EIO: i/o error, write
    at writeSync (node:fs:925:3)
    at SyncWriteStream._write (node:internal/fs/sync_write_stream:27:5)
    at writeOrBuffer (node:internal/streams/writable:570:12)
    at _write (node:internal/streams/writable:499:10)
    at Writable.write (node:internal/streams/writable:508:10)
    at Console.log (/home/ebit/jobtry1/backend/node_modules/winston/lib/winston/transports/console.js:87:23)
    at Console._write (/home/ebit/jobtry1/backend/node_modules/winston-transport/modern.js:103:17)
    at doWrite (/home/ebit/jobtry1/backend/node_modules/readable-stream/lib/_stream_writable.js:390:139)
    at writeOrBuffer (/home/ebit/jobtry1/backend/node_modules/readable-stream/lib/_stream_writable.js:381:5)
    at Writable.write (/home/ebit/jobtry1/backend/node_modules/readable-stream/lib/_stream_writable.js:302:11)
[2025-04-28 21:11:49] ERROR: uncaughtException: EIO: i/o error, write
Error: EIO: i/o error, write
    at writeSync (node:fs:925:3)
    at SyncWriteStream._write (node:internal/fs/sync_write_stream:27:5)
    at writeOrBuffer (node:internal/streams/writable:570:12)
    at _write (node:internal/streams/writable:499:10)
    at Writable.write (node:internal/streams/writable:508:10)
    at Console.log (/home/ebit/jobtry1/backend/node_modules/winston/lib/winston/transports/console.js:87:23)
    at Console._write (/home/ebit/jobtry1/backend/node_modules/winston-transport/modern.js:103:17)
    at doWrite (/home/ebit/jobtry1/backend/node_modules/readable-stream/lib/_stream_writable.js:390:139)
    at writeOrBuffer (/home/ebit/jobtry1/backend/node_modules/readable-stream/lib/_stream_writable.js:381:5)
    at Writable.write (/home/ebit/jobtry1/backend/node_modules/readable-stream/lib/_stream_writable.js:302:11)
{
  "error": {
    "errno": -5,
    "syscall": "write",
    "code": "EIO"
  },
  "exception": true,
  "date": "Mon Apr 28 2025 21:11:49 GMT+0800 (China Standard Time)",
  "process": {
    "pid": 899083,
    "uid": 1000,
    "gid": 1000,
    "cwd": "/home/ebit/jobtry1/backend",
    "execPath": "/usr/bin/node",
    "version": "v23.9.0",
    "argv": [
      "/usr/bin/node",
      "/home/ebit/jobtry1/backend/server.js"
    ],
    "memoryUsage": {
      "rss": 185667584,
      "heapTotal": 87248896,
      "heapUsed": 55141168,
      "external": 22141621,
      "arrayBuffers": 18489518
    }
  },
  "os": {
    "loadavg": [
      2.54,
      1.48,
      0.89
    ],
    "uptime": 135477.96
  },
  "trace": [
    {
      "column": 3,
      "file": "node:fs",
      "function": "writeSync",
      "line": 925,
      "method": null,
      "native": false
    },
    {
      "column": 5,
      "file": "node:internal/fs/sync_write_stream",
      "function": "SyncWriteStream._write",
      "line": 27,
      "method": "_write",
      "native": false
    },
    {
      "column": 12,
      "file": "node:internal/streams/writable",
      "function": "writeOrBuffer",
      "line": 570,
      "method": null,
      "native": false
    },
    {
      "column": 10,
      "file": "node:internal/streams/writable",
      "function": "_write",
      "line": 499,
      "method": null,
      "native": false
    },
    {
      "column": 10,
      "file": "node:internal/streams/writable",
      "function": "Writable.write",
      "line": 508,
      "method": "write",
      "native": false
    },
    {
      "column": 23,
      "file": "/home/ebit/jobtry1/backend/node_modules/winston/lib/winston/transports/console.js",
      "function": "Console.log",
      "line": 87,
      "method": "log",
      "native": false
    },
    {
      "column": 17,
      "file": "/home/ebit/jobtry1/backend/node_modules/winston-transport/modern.js",
      "function": "Console._write",
      "line": 103,
      "method": "_write",
      "native": false
    },
    {
      "column": 139,
      "file": "/home/ebit/jobtry1/backend/node_modules/readable-stream/lib/_stream_writable.js",
      "function": "doWrite",
      "line": 390,
      "method": null,
      "native": false
    },
    {
      "column": 5,
      "file": "/home/ebit/jobtry1/backend/node_modules/readable-stream/lib/_stream_writable.js",
      "function": "writeOrBuffer",
      "line": 381,
      "method": null,
      "native": false
    },
    {
      "column": 11,
      "file": "/home/ebit/jobtry1/backend/node_modules/readable-stream/lib/_stream_writable.js",
      "function": "Writable.write",
      "line": 302,
      "method": "write",
      "native": false
    }
  ]
}
Error: EIO: i/o error, write
    at writeSync (node:fs:925:3)
    at SyncWriteStream._write (node:internal/fs/sync_write_stream:27:5)
    at writeOrBuffer (node:internal/streams/writable:570:12)
    at _write (node:internal/streams/writable:499:10)
    at Writable.write (node:internal/streams/writable:508:10)
    at Console.log (/home/ebit/jobtry1/backend/node_modules/winston/lib/winston/transports/console.js:87:23)
    at Console._write (/home/ebit/jobtry1/backend/node_modules/winston-transport/modern.js:103:17)
    at doWrite (/home/ebit/jobtry1/backend/node_modules/readable-stream/lib/_stream_writable.js:390:139)
    at writeOrBuffer (/home/ebit/jobtry1/backend/node_modules/readable-stream/lib/_stream_writable.js:381:5)
    at Writable.write (/home/ebit/jobtry1/backend/node_modules/readable-stream/lib/_stream_writable.js:302:11)
[2025-04-28 21:11:49] ERROR: uncaughtException: EIO: i/o error, write
Error: EIO: i/o error, write
    at writeSync (node:fs:925:3)
    at SyncWriteStream._write (node:internal/fs/sync_write_stream:27:5)
    at writeOrBuffer (node:internal/streams/writable:570:12)
    at _write (node:internal/streams/writable:499:10)
    at Writable.write (node:internal/streams/writable:508:10)
    at Console.log (/home/ebit/jobtry1/backend/node_modules/winston/lib/winston/transports/console.js:87:23)
    at Console._write (/home/ebit/jobtry1/backend/node_modules/winston-transport/modern.js:103:17)
    at doWrite (/home/ebit/jobtry1/backend/node_modules/readable-stream/lib/_stream_writable.js:390:139)
    at writeOrBuffer (/home/ebit/jobtry1/backend/node_modules/readable-stream/lib/_stream_writable.js:381:5)
    at Writable.write (/home/ebit/jobtry1/backend/node_modules/readable-stream/lib/_stream_writable.js:302:11)
{
  "error": {
    "errno": -5,
    "syscall": "write",
    "code": "EIO"
  },
  "exception": true,
  "date": "Mon Apr 28 2025 21:11:49 GMT+0800 (China Standard Time)",
  "process": {
    "pid": 899083,
    "uid": 1000,
    "gid": 1000,
    "cwd": "/home/ebit/jobtry1/backend",
    "execPath": "/usr/bin/node",
    "version": "v23.9.0",
    "argv": [
      "/usr/bin/node",
      "/home/ebit/jobtry1/backend/server.js"
    ],
    "memoryUsage": {
      "rss": 185667584,
      "heapTotal": 87248896,
      "heapUsed": 55186480,
      "external": 22146113,
      "arrayBuffers": 18494010
    }
  },
  "os": {
    "loadavg": [
      2.54,
      1.48,
      0.89
    ],
    "uptime": 135477.97
  },
  "trace": [
    {
      "column": 3,
      "file": "node:fs",
      "function": "writeSync",
      "line": 925,
      "method": null,
      "native": false
    },
    {
      "column": 5,
      "file": "node:internal/fs/sync_write_stream",
      "function": "SyncWriteStream._write",
      "line": 27,
      "method": "_write",
      "native": false
    },
    {
      "column": 12,
      "file": "node:internal/streams/writable",
      "function": "writeOrBuffer",
      "line": 570,
      "method": null,
      "native": false
    },
    {
      "column": 10,
      "file": "node:internal/streams/writable",
      "function": "_write",
      "line": 499,
      "method": null,
      "native": false
    },
    {
      "column": 10,
      "file": "node:internal/streams/writable",
      "function": "Writable.write",
      "line": 508,
      "method": "write",
      "native": false
    },
    {
      "column": 23,
      "file": "/home/ebit/jobtry1/backend/node_modules/winston/lib/winston/transports/console.js",
      "function": "Console.log",
      "line": 87,
      "method": "log",
      "native": false
    },
    {
      "column": 17,
      "file": "/home/ebit/jobtry1/backend/node_modules/winston-transport/modern.js",
      "function": "Console._write",
      "line": 103,
      "method": "_write",
      "native": false
    },
    {
      "column": 139,
      "file": "/home/ebit/jobtry1/backend/node_modules/readable-stream/lib/_stream_writable.js",
      "function": "doWrite",
      "line": 390,
      "method": null,
      "native": false
    },
    {
      "column": 5,
      "file": "/home/ebit/jobtry1/backend/node_modules/readable-stream/lib/_stream_writable.js",
      "function": "writeOrBuffer",
      "line": 381,
      "method": null,
      "native": false
    },
    {
      "column": 11,
      "file": "/home/ebit/jobtry1/backend/node_modules/readable-stream/lib/_stream_writable.js",
      "function": "Writable.write",
      "line": 302,
      "method": "write",
      "native": false
    }
  ]
}
Error: EIO: i/o error, write
    at writeSync (node:fs:925:3)
    at SyncWriteStream._write (node:internal/fs/sync_write_stream:27:5)
    at writeOrBuffer (node:internal/streams/writable:570:12)
    at _write (node:internal/streams/writable:499:10)
    at Writable.write (node:internal/streams/writable:508:10)
    at Console.log (/home/ebit/jobtry1/backend/node_modules/winston/lib/winston/transports/console.js:87:23)
    at Console._write (/home/ebit/jobtry1/backend/node_modules/winston-transport/modern.js:103:17)
    at doWrite (/home/ebit/jobtry1/backend/node_modules/readable-stream/lib/_stream_writable.js:390:139)
    at writeOrBuffer (/home/ebit/jobtry1/backend/node_modules/readable-stream/lib/_stream_writable.js:381:5)
    at Writable.write (/home/ebit/jobtry1/backend/node_modules/readable-stream/lib/_stream_writable.js:302:11)
[2025-04-28 21:11:50] ERROR: uncaughtException: EIO: i/o error, write
Error: EIO: i/o error, write
    at writeSync (node:fs:925:3)
    at SyncWriteStream._write (node:internal/fs/sync_write_stream:27:5)
    at writeOrBuffer (node:internal/streams/writable:570:12)
    at _write (node:internal/streams/writable:499:10)
    at Writable.write (node:internal/streams/writable:508:10)
    at Console.log (/home/ebit/jobtry1/backend/node_modules/winston/lib/winston/transports/console.js:87:23)
    at Console._write (/home/ebit/jobtry1/backend/node_modules/winston-transport/modern.js:103:17)
    at doWrite (/home/ebit/jobtry1/backend/node_modules/readable-stream/lib/_stream_writable.js:390:139)
    at writeOrBuffer (/home/ebit/jobtry1/backend/node_modules/readable-stream/lib/_stream_writable.js:381:5)
    at Writable.write (/home/ebit/jobtry1/backend/node_modules/readable-stream/lib/_stream_writable.js:302:11)
{
  "error": {
    "errno": -5,
    "syscall": "write",
    "code": "EIO"
  },
  "exception": true,
  "date": "Mon Apr 28 2025 21:11:49 GMT+0800 (China Standard Time)",
  "process": {
    "pid": 899083,
    "uid": 1000,
    "gid": 1000,
    "cwd": "/home/ebit/jobtry1/backend",
    "execPath": "/usr/bin/node",
    "version": "v23.9.0",
    "argv": [
      "/usr/bin/node",
      "/home/ebit/jobtry1/backend/server.js"
    ],
    "memoryUsage": {
      "rss": 185667584,
      "heapTotal": 87248896,
      "heapUsed": 55231584,
      "external": 22150605,
      "arrayBuffers": 18498502
    }
  },
  "os": {
    "loadavg": [
      2.54,
      1.48,
      0.89
    ],
    "uptime": 135477.97
  },
  "trace": [
    {
      "column": 3,
      "file": "node:fs",
      "function": "writeSync",
      "line": 925,
      "method": null,
      "native": false
    },
    {
      "column": 5,
      "file": "node:internal/fs/sync_write_stream",
      "function": "SyncWriteStream._write",
      "line": 27,
      "method": "_write",
      "native": false
    },
    {
      "column": 12,
      "file": "node:internal/streams/writable",
      "function": "writeOrBuffer",
      "line": 570,
      "method": null,
      "native": false
    },
    {
      "column": 10,
      "file": "node:internal/streams/writable",
      "function": "_write",
      "line": 499,
      "method": null,
      "native": false
    },
    {
      "column": 10,
      "file": "node:internal/streams/writable",
      "function": "Writable.write",
      "line": 508,
      "method": "write",
      "native": false
    },
    {
      "column": 23,
      "file": "/home/ebit/jobtry1/backend/node_modules/winston/lib/winston/transports/console.js",
      "function": "Console.log",
      "line": 87,
      "method": "log",
      "native": false
    },
    {
      "column": 17,
      "file": "/home/ebit/jobtry1/backend/node_modules/winston-transport/modern.js",
      "function": "Console._write",
      "line": 103,
      "method": "_write",
      "native": false
    },
    {
      "column": 139,
      "file": "/home/ebit/jobtry1/backend/node_modules/readable-stream/lib/_stream_writable.js",
      "function": "doWrite",
      "line": 390,
      "method": null,
      "native": false
    },
    {
      "column": 5,
      "file": "/home/ebit/jobtry1/backend/node_modules/readable-stream/lib/_stream_writable.js",
      "function": "writeOrBuffer",
      "line": 381,
      "method": null,
      "native": false
    },
    {
      "column": 11,
      "file": "/home/ebit/jobtry1/backend/node_modules/readable-stream/lib/_stream_writable.js",
      "function": "Writable.write",
      "line": 302,
      "method": "write",
      "native": false
    }
  ]
}
Error: EIO: i/o error, write
    at writeSync (node:fs:925:3)
    at SyncWriteStream._write (node:internal/fs/sync_write_stream:27:5)
    at writeOrBuffer (node:internal/streams/writable:570:12)
    at _write (node:internal/streams/writable:499:10)
    at Writable.write (node:internal/streams/writable:508:10)
    at Console.log (/home/ebit/jobtry1/backend/node_modules/winston/lib/winston/transports/console.js:87:23)
    at Console._write (/home/ebit/jobtry1/backend/node_modules/winston-transport/modern.js:103:17)
    at doWrite (/home/ebit/jobtry1/backend/node_modules/readable-stream/lib/_stream_writable.js:390:139)
    at writeOrBuffer (/home/ebit/jobtry1/backend/node_modules/readable-stream/lib/_stream_writable.js:381:5)
    at Writable.write (/home/ebit/jobtry1/backend/node_modules/readable-stream/lib/_stream_writable.js:302:11)
[2025-04-28 21:11:50] ERROR: uncaughtException: EIO: i/o error, write
Error: EIO: i/o error, write
    at writeSync (node:fs:925:3)
    at SyncWriteStream._write (node:internal/fs/sync_write_stream:27:5)
    at writeOrBuffer (node:internal/streams/writable:570:12)
    at _write (node:internal/streams/writable:499:10)
    at Writable.write (node:internal/streams/writable:508:10)
    at Console.log (/home/ebit/jobtry1/backend/node_modules/winston/lib/winston/transports/console.js:87:23)
    at Console._write (/home/ebit/jobtry1/backend/node_modules/winston-transport/modern.js:103:17)
    at doWrite (/home/ebit/jobtry1/backend/node_modules/readable-stream/lib/_stream_writable.js:390:139)
    at writeOrBuffer (/home/ebit/jobtry1/backend/node_modules/readable-stream/lib/_stream_writable.js:381:5)
    at Writable.write (/home/ebit/jobtry1/backend/node_modules/readable-stream/lib/_stream_writable.js:302:11)
{
  "error": {
    "errno": -5,
    "syscall": "write",
    "code": "EIO"
  },
  "exception": true,
  "date": "Mon Apr 28 2025 21:11:50 GMT+0800 (China Standard Time)",
  "process": {
    "pid": 899083,
    "uid": 1000,
    "gid": 1000,
    "cwd": "/home/ebit/jobtry1/backend",
    "execPath": "/usr/bin/node",
    "version": "v23.9.0",
    "argv": [
      "/usr/bin/node",
      "/home/ebit/jobtry1/backend/server.js"
    ],
    "memoryUsage": {
      "rss": 185667584,
      "heapTotal": 87248896,
      "heapUsed": 55276592,
      "external": 22155097,
      "arrayBuffers": 18502994
    }
  },
  "os": {
    "loadavg": [
      2.54,
      1.48,
      0.89
    ],
    "uptime": 135477.97
  },
  "trace": [
    {
      "column": 3,
      "file": "node:fs",
      "function": "writeSync",
      "line": 925,
      "method": null,
      "native": false
    },
    {
      "column": 5,
      "file": "node:internal/fs/sync_write_stream",
      "function": "SyncWriteStream._write",
      "line": 27,
      "method": "_write",
      "native": false
    },
    {
      "column": 12,
      "file": "node:internal/streams/writable",
      "function": "writeOrBuffer",
      "line": 570,
      "method": null,
      "native": false
    },
    {
      "column": 10,
      "file": "node:internal/streams/writable",
      "function": "_write",
      "line": 499,
      "method": null,
      "native": false
    },
    {
      "column": 10,
      "file": "node:internal/streams/writable",
      "function": "Writable.write",
      "line": 508,
      "method": "write",
      "native": false
    },
    {
      "column": 23,
      "file": "/home/ebit/jobtry1/backend/node_modules/winston/lib/winston/transports/console.js",
      "function": "Console.log",
      "line": 87,
      "method": "log",
      "native": false
    },
    {
      "column": 17,
      "file": "/home/ebit/jobtry1/backend/node_modules/winston-transport/modern.js",
      "function": "Console._write",
      "line": 103,
      "method": "_write",
      "native": false
    },
    {
      "column": 139,
      "file": "/home/ebit/jobtry1/backend/node_modules/readable-stream/lib/_stream_writable.js",
      "function": "doWrite",
      "line": 390,
      "method": null,
      "native": false
    },
    {
      "column": 5,
      "file": "/home/ebit/jobtry1/backend/node_modules/readable-stream/lib/_stream_writable.js",
      "function": "writeOrBuffer",
      "line": 381,
      "method": null,
      "native": false
    },
    {
      "column": 11,
      "file": "/home/ebit/jobtry1/backend/node_modules/readable-stream/lib/_stream_writable.js",
      "function": "Writable.write",
      "line": 302,
      "method": "write",
      "native": false
    }
  ]
}
Error: EIO: i/o error, write
    at writeSync (node:fs:925:3)
    at SyncWriteStream._write (node:internal/fs/sync_write_stream:27:5)
    at writeOrBuffer (node:internal/streams/writable:570:12)
    at _write (node:internal/streams/writable:499:10)
    at Writable.write (node:internal/streams/writable:508:10)
    at Console.log (/home/ebit/jobtry1/backend/node_modules/winston/lib/winston/transports/console.js:87:23)
    at Console._write (/home/ebit/jobtry1/backend/node_modules/winston-transport/modern.js:103:17)
    at doWrite (/home/ebit/jobtry1/backend/node_modules/readable-stream/lib/_stream_writable.js:390:139)
    at writeOrBuffer (/home/ebit/jobtry1/backend/node_modules/readable-stream/lib/_stream_writable.js:381:5)
    at Writable.write (/home/ebit/jobtry1/backend/node_modules/readable-stream/lib/_stream_writable.js:302:11)
[2025-04-28 21:11:50] ERROR: uncaughtException: EIO: i/o error, write
Error: EIO: i/o error, write
    at writeSync (node:fs:925:3)
    at SyncWriteStream._write (node:internal/fs/sync_write_stream:27:5)
    at writeOrBuffer (node:internal/streams/writable:570:12)
    at _write (node:internal/streams/writable:499:10)
    at Writable.write (node:internal/streams/writable:508:10)
    at Console.log (/home/ebit/jobtry1/backend/node_modules/winston/lib/winston/transports/console.js:87:23)
    at Console._write (/home/ebit/jobtry1/backend/node_modules/winston-transport/modern.js:103:17)
    at doWrite (/home/ebit/jobtry1/backend/node_modules/readable-stream/lib/_stream_writable.js:390:139)
    at writeOrBuffer (/home/ebit/jobtry1/backend/node_modules/readable-stream/lib/_stream_writable.js:381:5)
    at Writable.write (/home/ebit/jobtry1/backend/node_modules/readable-stream/lib/_stream_writable.js:302:11)
{
  "error": {
    "errno": -5,
    "syscall": "write",
    "code": "EIO"
  },
  "exception": true,
  "date": "Mon Apr 28 2025 21:11:50 GMT+0800 (China Standard Time)",
  "process": {
    "pid": 899083,
    "uid": 1000,
    "gid": 1000,
    "cwd": "/home/ebit/jobtry1/backend",
    "execPath": "/usr/bin/node",
    "version": "v23.9.0",
    "argv": [
      "/usr/bin/node",
      "/home/ebit/jobtry1/backend/server.js"
    ],
    "memoryUsage": {
      "rss": 185667584,
      "heapTotal": 87248896,
      "heapUsed": 55322040,
      "external": 22159589,
      "arrayBuffers": 18507486
    }
  },
  "os": {
    "loadavg": [
      2.54,
      1.48,
      0.89
    ],
    "uptime": 135477.97
  },
  "trace": [
    {
      "column": 3,
      "file": "node:fs",
      "function": "writeSync",
      "line": 925,
      "method": null,
      "native": false
    },
    {
      "column": 5,
      "file": "node:internal/fs/sync_write_stream",
      "function": "SyncWriteStream._write",
      "line": 27,
      "method": "_write",
      "native": false
    },
    {
      "column": 12,
      "file": "node:internal/streams/writable",
      "function": "writeOrBuffer",
      "line": 570,
      "method": null,
      "native": false
    },
    {
      "column": 10,
      "file": "node:internal/streams/writable",
      "function": "_write",
      "line": 499,
      "method": null,
      "native": false
    },
    {
      "column": 10,
      "file": "node:internal/streams/writable",
      "function": "Writable.write",
      "line": 508,
      "method": "write",
      "native": false
    },
    {
      "column": 23,
      "file": "/home/ebit/jobtry1/backend/node_modules/winston/lib/winston/transports/console.js",
      "function": "Console.log",
      "line": 87,
      "method": "log",
      "native": false
    },
    {
      "column": 17,
      "file": "/home/ebit/jobtry1/backend/node_modules/winston-transport/modern.js",
      "function": "Console._write",
      "line": 103,
      "method": "_write",
      "native": false
    },
    {
      "column": 139,
      "file": "/home/ebit/jobtry1/backend/node_modules/readable-stream/lib/_stream_writable.js",
      "function": "doWrite",
      "line": 390,
      "method": null,
      "native": false
    },
    {
      "column": 5,
      "file": "/home/ebit/jobtry1/backend/node_modules/readable-stream/lib/_stream_writable.js",
      "function": "writeOrBuffer",
      "line": 381,
      "method": null,
      "native": false
    },
    {
      "column": 11,
      "file": "/home/ebit/jobtry1/backend/node_modules/readable-stream/lib/_stream_writable.js",
      "function": "Writable.write",
      "line": 302,
      "method": "write",
      "native": false
    }
  ]
}
Error: EIO: i/o error, write
    at writeSync (node:fs:925:3)
    at SyncWriteStream._write (node:internal/fs/sync_write_stream:27:5)
    at writeOrBuffer (node:internal/streams/writable:570:12)
    at _write (node:internal/streams/writable:499:10)
    at Writable.write (node:internal/streams/writable:508:10)
    at Console.log (/home/ebit/jobtry1/backend/node_modules/winston/lib/winston/transports/console.js:87:23)
    at Console._write (/home/ebit/jobtry1/backend/node_modules/winston-transport/modern.js:103:17)
    at doWrite (/home/ebit/jobtry1/backend/node_modules/readable-stream/lib/_stream_writable.js:390:139)
    at writeOrBuffer (/home/ebit/jobtry1/backend/node_modules/readable-stream/lib/_stream_writable.js:381:5)
    at Writable.write (/home/ebit/jobtry1/backend/node_modules/readable-stream/lib/_stream_writable.js:302:11)
